[INFO] [2017-03-18 22:01:43][org.springframework.test.context.support.DefaultTestContextBootstrapper]Loaded default TestExecutionListener class names from location [META-INF/spring.factories]: [org.springframework.test.context.web.ServletTestExecutionListener, org.springframework.test.context.support.DirtiesContextBeforeModesTestExecutionListener, org.springframework.test.context.support.DependencyInjectionTestExecutionListener, org.springframework.test.context.support.DirtiesContextTestExecutionListener, org.springframework.test.context.transaction.TransactionalTestExecutionListener, org.springframework.test.context.jdbc.SqlScriptsTestExecutionListener]
[INFO] [2017-03-18 22:01:43][org.springframework.test.context.support.DefaultTestContextBootstrapper]Could not instantiate TestExecutionListener [org.springframework.test.context.web.ServletTestExecutionListener]. Specify custom listener classes or make the default listener classes (and their required dependencies) available. Offending class: [javax/servlet/ServletContext]
[INFO] [2017-03-18 22:01:43][org.springframework.test.context.support.DefaultTestContextBootstrapper]Using TestExecutionListeners: [org.springframework.test.context.support.DirtiesContextBeforeModesTestExecutionListener@13c78c0b, org.springframework.test.context.support.DependencyInjectionTestExecutionListener@12843fce, org.springframework.test.context.support.DirtiesContextTestExecutionListener@3dd3bcd, org.springframework.test.context.transaction.TransactionalTestExecutionListener@97e1986, org.springframework.test.context.jdbc.SqlScriptsTestExecutionListener@26f67b76]
[INFO] [2017-03-18 22:01:44][org.springframework.beans.factory.xml.XmlBeanDefinitionReader]Loading XML bean definitions from class path resource [applicationContext.xml]
[INFO] [2017-03-18 22:01:44][org.springframework.context.support.GenericApplicationContext]Refreshing org.springframework.context.support.GenericApplicationContext@28d25987: startup date [Sat Mar 18 22:01:44 CST 2017]; root of context hierarchy
[INFO] [2017-03-18 22:01:44][org.springframework.beans.factory.config.PropertyPlaceholderConfigurer]Loading properties file from class path resource [jdbc.properties]
[INFO] [2017-03-18 22:01:45][cn.stu.edu.lin.test.TestMyBatis]{"age":24,"id":1,"password":"sfasgfaf","userName":"as"}
[INFO] [2017-03-18 22:01:45][org.springframework.context.support.GenericApplicationContext]Closing org.springframework.context.support.GenericApplicationContext@28d25987: startup date [Sat Mar 18 22:01:44 CST 2017]; root of context hierarchy
[INFO] [2017-03-18 22:03:00][org.springframework.test.context.support.DefaultTestContextBootstrapper]Loaded default TestExecutionListener class names from location [META-INF/spring.factories]: [org.springframework.test.context.web.ServletTestExecutionListener, org.springframework.test.context.support.DirtiesContextBeforeModesTestExecutionListener, org.springframework.test.context.support.DependencyInjectionTestExecutionListener, org.springframework.test.context.support.DirtiesContextTestExecutionListener, org.springframework.test.context.transaction.TransactionalTestExecutionListener, org.springframework.test.context.jdbc.SqlScriptsTestExecutionListener]
[INFO] [2017-03-18 22:03:00][org.springframework.test.context.support.DefaultTestContextBootstrapper]Could not instantiate TestExecutionListener [org.springframework.test.context.web.ServletTestExecutionListener]. Specify custom listener classes or make the default listener classes (and their required dependencies) available. Offending class: [javax/servlet/ServletContext]
[INFO] [2017-03-18 22:03:00][org.springframework.test.context.support.DefaultTestContextBootstrapper]Using TestExecutionListeners: [org.springframework.test.context.support.DirtiesContextBeforeModesTestExecutionListener@13c78c0b, org.springframework.test.context.support.DependencyInjectionTestExecutionListener@12843fce, org.springframework.test.context.support.DirtiesContextTestExecutionListener@3dd3bcd, org.springframework.test.context.transaction.TransactionalTestExecutionListener@97e1986, org.springframework.test.context.jdbc.SqlScriptsTestExecutionListener@26f67b76]
[INFO] [2017-03-18 22:03:00][org.springframework.beans.factory.xml.XmlBeanDefinitionReader]Loading XML bean definitions from class path resource [applicationContext.xml]
[INFO] [2017-03-18 22:03:00][org.springframework.context.support.GenericApplicationContext]Refreshing org.springframework.context.support.GenericApplicationContext@28d25987: startup date [Sat Mar 18 22:03:00 CST 2017]; root of context hierarchy
[INFO] [2017-03-18 22:03:00][org.springframework.beans.factory.config.PropertyPlaceholderConfigurer]Loading properties file from class path resource [jdbc.properties]
[INFO] [2017-03-18 22:03:01][cn.stu.edu.lin.test.TestMyBatis]{"age":24,"id":1,"password":"sfasgfaf","userName":"as"}
[INFO] [2017-03-18 22:03:01][org.springframework.context.support.GenericApplicationContext]Closing org.springframework.context.support.GenericApplicationContext@28d25987: startup date [Sat Mar 18 22:03:00 CST 2017]; root of context hierarchy
[INFO] [2017-03-18 22:03:30][org.springframework.test.context.support.DefaultTestContextBootstrapper]Loaded default TestExecutionListener class names from location [META-INF/spring.factories]: [org.springframework.test.context.web.ServletTestExecutionListener, org.springframework.test.context.support.DirtiesContextBeforeModesTestExecutionListener, org.springframework.test.context.support.DependencyInjectionTestExecutionListener, org.springframework.test.context.support.DirtiesContextTestExecutionListener, org.springframework.test.context.transaction.TransactionalTestExecutionListener, org.springframework.test.context.jdbc.SqlScriptsTestExecutionListener]
[INFO] [2017-03-18 22:03:30][org.springframework.test.context.support.DefaultTestContextBootstrapper]Could not instantiate TestExecutionListener [org.springframework.test.context.web.ServletTestExecutionListener]. Specify custom listener classes or make the default listener classes (and their required dependencies) available. Offending class: [javax/servlet/ServletContext]
[INFO] [2017-03-18 22:03:30][org.springframework.test.context.support.DefaultTestContextBootstrapper]Using TestExecutionListeners: [org.springframework.test.context.support.DirtiesContextBeforeModesTestExecutionListener@13c78c0b, org.springframework.test.context.support.DependencyInjectionTestExecutionListener@12843fce, org.springframework.test.context.support.DirtiesContextTestExecutionListener@3dd3bcd, org.springframework.test.context.transaction.TransactionalTestExecutionListener@97e1986, org.springframework.test.context.jdbc.SqlScriptsTestExecutionListener@26f67b76]
[INFO] [2017-03-18 22:03:31][org.springframework.beans.factory.xml.XmlBeanDefinitionReader]Loading XML bean definitions from class path resource [applicationContext.xml]
[INFO] [2017-03-18 22:03:31][org.springframework.context.support.GenericApplicationContext]Refreshing org.springframework.context.support.GenericApplicationContext@28d25987: startup date [Sat Mar 18 22:03:31 CST 2017]; root of context hierarchy
[INFO] [2017-03-18 22:03:31][org.springframework.beans.factory.config.PropertyPlaceholderConfigurer]Loading properties file from class path resource [jdbc.properties]
[INFO] [2017-03-18 22:03:32][cn.stu.edu.lin.test.TestMyBatis]{"age":24,"id":1,"password":"sfasgfaf","userName":"as"}
[INFO] [2017-03-18 22:03:32][org.springframework.context.support.GenericApplicationContext]Closing org.springframework.context.support.GenericApplicationContext@28d25987: startup date [Sat Mar 18 22:03:31 CST 2017]; root of context hierarchy
[INFO] [2017-03-18 23:36:33][org.springframework.test.context.support.DefaultTestContextBootstrapper]Loaded default TestExecutionListener class names from location [META-INF/spring.factories]: [org.springframework.test.context.web.ServletTestExecutionListener, org.springframework.test.context.support.DirtiesContextBeforeModesTestExecutionListener, org.springframework.test.context.support.DependencyInjectionTestExecutionListener, org.springframework.test.context.support.DirtiesContextTestExecutionListener, org.springframework.test.context.transaction.TransactionalTestExecutionListener, org.springframework.test.context.jdbc.SqlScriptsTestExecutionListener]
[INFO] [2017-03-18 23:36:33][org.springframework.test.context.support.DefaultTestContextBootstrapper]Using TestExecutionListeners: [org.springframework.test.context.web.ServletTestExecutionListener@d2cc05a, org.springframework.test.context.support.DirtiesContextBeforeModesTestExecutionListener@4f933fd1, org.springframework.test.context.support.DependencyInjectionTestExecutionListener@548a9f61, org.springframework.test.context.support.DirtiesContextTestExecutionListener@1753acfe, org.springframework.test.context.transaction.TransactionalTestExecutionListener@7c16905e, org.springframework.test.context.jdbc.SqlScriptsTestExecutionListener@2a2d45ba]
[INFO] [2017-03-18 23:36:33][org.springframework.beans.factory.xml.XmlBeanDefinitionReader]Loading XML bean definitions from class path resource [applicationContext.xml]
[INFO] [2017-03-18 23:36:33][org.springframework.context.support.GenericApplicationContext]Refreshing org.springframework.context.support.GenericApplicationContext@5700d6b1: startup date [Sat Mar 18 23:36:33 CST 2017]; root of context hierarchy
[INFO] [2017-03-18 23:36:33][org.springframework.beans.factory.config.PropertyPlaceholderConfigurer]Loading properties file from class path resource [jdbc.properties]
[INFO] [2017-03-18 23:36:35][cn.stu.edu.lin.test.TestMyBatis]{"age":24,"id":1,"password":"sfasgfaf","userName":"as"}
[INFO] [2017-03-18 23:36:35][org.springframework.context.support.GenericApplicationContext]Closing org.springframework.context.support.GenericApplicationContext@5700d6b1: startup date [Sat Mar 18 23:36:33 CST 2017]; root of context hierarchy
[INFO] [2017-03-19 12:41:49][org.springframework.test.context.support.DefaultTestContextBootstrapper]Loaded default TestExecutionListener class names from location [META-INF/spring.factories]: [org.springframework.test.context.web.ServletTestExecutionListener, org.springframework.test.context.support.DirtiesContextBeforeModesTestExecutionListener, org.springframework.test.context.support.DependencyInjectionTestExecutionListener, org.springframework.test.context.support.DirtiesContextTestExecutionListener, org.springframework.test.context.transaction.TransactionalTestExecutionListener, org.springframework.test.context.jdbc.SqlScriptsTestExecutionListener]
[INFO] [2017-03-19 12:41:49][org.springframework.test.context.support.DefaultTestContextBootstrapper]Using TestExecutionListeners: [org.springframework.test.context.web.ServletTestExecutionListener@5afa04c, org.springframework.test.context.support.DirtiesContextBeforeModesTestExecutionListener@6ea12c19, org.springframework.test.context.support.DependencyInjectionTestExecutionListener@6a024a67, org.springframework.test.context.support.DirtiesContextTestExecutionListener@7921b0a2, org.springframework.test.context.transaction.TransactionalTestExecutionListener@174d20a, org.springframework.test.context.jdbc.SqlScriptsTestExecutionListener@66d2e7d9]
[INFO] [2017-03-19 12:41:49][org.springframework.beans.factory.xml.XmlBeanDefinitionReader]Loading XML bean definitions from class path resource [applicationContext.xml]
[INFO] [2017-03-19 12:41:49][org.springframework.context.support.GenericApplicationContext]Refreshing org.springframework.context.support.GenericApplicationContext@7cd62f43: startup date [Sun Mar 19 12:41:49 CST 2017]; root of context hierarchy
[INFO] [2017-03-19 12:41:49][org.springframework.beans.factory.config.PropertyPlaceholderConfigurer]Loading properties file from class path resource [jdbc.properties]
[INFO] [2017-03-19 12:41:50][cn.stu.edu.lin.test.TestMyBatis]{"age":24,"id":1,"password":"sfasgfaf","userName":"as"}
[INFO] [2017-03-19 12:41:50][org.springframework.context.support.GenericApplicationContext]Closing org.springframework.context.support.GenericApplicationContext@7cd62f43: startup date [Sun Mar 19 12:41:49 CST 2017]; root of context hierarchy
[INFO] [2017-03-19 12:44:10][org.springframework.test.context.support.DefaultTestContextBootstrapper]Loaded default TestExecutionListener class names from location [META-INF/spring.factories]: [org.springframework.test.context.web.ServletTestExecutionListener, org.springframework.test.context.support.DirtiesContextBeforeModesTestExecutionListener, org.springframework.test.context.support.DependencyInjectionTestExecutionListener, org.springframework.test.context.support.DirtiesContextTestExecutionListener, org.springframework.test.context.transaction.TransactionalTestExecutionListener, org.springframework.test.context.jdbc.SqlScriptsTestExecutionListener]
[INFO] [2017-03-19 12:44:10][org.springframework.test.context.support.DefaultTestContextBootstrapper]Using TestExecutionListeners: [org.springframework.test.context.web.ServletTestExecutionListener@5afa04c, org.springframework.test.context.support.DirtiesContextBeforeModesTestExecutionListener@6ea12c19, org.springframework.test.context.support.DependencyInjectionTestExecutionListener@6a024a67, org.springframework.test.context.support.DirtiesContextTestExecutionListener@7921b0a2, org.springframework.test.context.transaction.TransactionalTestExecutionListener@174d20a, org.springframework.test.context.jdbc.SqlScriptsTestExecutionListener@66d2e7d9]
[INFO] [2017-03-19 12:44:10][org.springframework.beans.factory.xml.XmlBeanDefinitionReader]Loading XML bean definitions from class path resource [applicationContext.xml]
[INFO] [2017-03-19 12:44:10][org.springframework.context.support.GenericApplicationContext]Refreshing org.springframework.context.support.GenericApplicationContext@7cd62f43: startup date [Sun Mar 19 12:44:10 CST 2017]; root of context hierarchy
[INFO] [2017-03-19 12:44:10][org.springframework.beans.factory.config.PropertyPlaceholderConfigurer]Loading properties file from class path resource [jdbc.properties]
[INFO] [2017-03-19 12:44:11][cn.stu.edu.lin.test.TestMyBatis]{"age":24,"id":1,"password":"sfasgfaf","userName":"as"}
[INFO] [2017-03-19 12:44:11][org.springframework.context.support.GenericApplicationContext]Closing org.springframework.context.support.GenericApplicationContext@7cd62f43: startup date [Sun Mar 19 12:44:10 CST 2017]; root of context hierarchy
[INFO] [2017-03-19 15:48:16][org.springframework.test.context.support.DefaultTestContextBootstrapper]Neither @ContextConfiguration nor @ContextHierarchy found for test class [cn.stu.edu.lin.test.TestMyBatis]
[INFO] [2017-03-19 15:48:16][org.springframework.test.context.support.DefaultTestContextBootstrapper]Loaded default TestExecutionListener class names from location [META-INF/spring.factories]: [org.springframework.test.context.web.ServletTestExecutionListener, org.springframework.test.context.support.DirtiesContextBeforeModesTestExecutionListener, org.springframework.test.context.support.DependencyInjectionTestExecutionListener, org.springframework.test.context.support.DirtiesContextTestExecutionListener, org.springframework.test.context.transaction.TransactionalTestExecutionListener, org.springframework.test.context.jdbc.SqlScriptsTestExecutionListener]
[INFO] [2017-03-19 15:48:16][org.springframework.test.context.support.DefaultTestContextBootstrapper]Using TestExecutionListeners: [org.springframework.test.context.web.ServletTestExecutionListener@3796751b, org.springframework.test.context.support.DirtiesContextBeforeModesTestExecutionListener@67b64c45, org.springframework.test.context.support.DependencyInjectionTestExecutionListener@4411d970, org.springframework.test.context.support.DirtiesContextTestExecutionListener@6442b0a6, org.springframework.test.context.transaction.TransactionalTestExecutionListener@60f82f98, org.springframework.test.context.jdbc.SqlScriptsTestExecutionListener@35f983a6]
[ERROR] [2017-03-19 15:48:16][org.springframework.test.context.TestContextManager]Caught exception while allowing TestExecutionListener [org.springframework.test.context.support.DependencyInjectionTestExecutionListener@4411d970] to prepare test instance [cn.stu.edu.lin.test.TestMyBatis@47f6473]
java.lang.IllegalStateException: Failed to load ApplicationContext
	at org.springframework.test.context.cache.DefaultCacheAwareContextLoaderDelegate.loadContext(DefaultCacheAwareContextLoaderDelegate.java:124)
	at org.springframework.test.context.support.DefaultTestContext.getApplicationContext(DefaultTestContext.java:83)
	at org.springframework.test.context.support.DependencyInjectionTestExecutionListener.injectDependencies(DependencyInjectionTestExecutionListener.java:117)
	at org.springframework.test.context.support.DependencyInjectionTestExecutionListener.prepareTestInstance(DependencyInjectionTestExecutionListener.java:83)
	at org.springframework.test.context.TestContextManager.prepareTestInstance(TestContextManager.java:228)
	at org.springframework.test.context.junit4.SpringJUnit4ClassRunner.createTest(SpringJUnit4ClassRunner.java:230)
	at org.springframework.test.context.junit4.SpringJUnit4ClassRunner$1.runReflectiveCall(SpringJUnit4ClassRunner.java:289)
	at org.junit.internal.runners.model.ReflectiveCallable.run(ReflectiveCallable.java:12)
	at org.springframework.test.context.junit4.SpringJUnit4ClassRunner.methodBlock(SpringJUnit4ClassRunner.java:291)
	at org.springframework.test.context.junit4.SpringJUnit4ClassRunner.runChild(SpringJUnit4ClassRunner.java:249)
	at org.springframework.test.context.junit4.SpringJUnit4ClassRunner.runChild(SpringJUnit4ClassRunner.java:89)
	at org.junit.runners.ParentRunner$3.run(ParentRunner.java:290)
	at org.junit.runners.ParentRunner$1.schedule(ParentRunner.java:71)
	at org.junit.runners.ParentRunner.runChildren(ParentRunner.java:288)
	at org.junit.runners.ParentRunner.access$000(ParentRunner.java:58)
	at org.junit.runners.ParentRunner$2.evaluate(ParentRunner.java:268)
	at org.springframework.test.context.junit4.statements.RunBeforeTestClassCallbacks.evaluate(RunBeforeTestClassCallbacks.java:61)
	at org.springframework.test.context.junit4.statements.RunAfterTestClassCallbacks.evaluate(RunAfterTestClassCallbacks.java:70)
	at org.junit.runners.ParentRunner.run(ParentRunner.java:363)
	at org.springframework.test.context.junit4.SpringJUnit4ClassRunner.run(SpringJUnit4ClassRunner.java:193)
	at org.eclipse.jdt.internal.junit4.runner.JUnit4TestReference.run(JUnit4TestReference.java:86)
	at org.eclipse.jdt.internal.junit.runner.TestExecution.run(TestExecution.java:38)
	at org.eclipse.jdt.internal.junit.runner.RemoteTestRunner.runTests(RemoteTestRunner.java:459)
	at org.eclipse.jdt.internal.junit.runner.RemoteTestRunner.runTests(RemoteTestRunner.java:675)
	at org.eclipse.jdt.internal.junit.runner.RemoteTestRunner.run(RemoteTestRunner.java:382)
	at org.eclipse.jdt.internal.junit.runner.RemoteTestRunner.main(RemoteTestRunner.java:192)
Caused by: java.lang.IllegalArgumentException: Cannot load an ApplicationContext with a NULL 'contextLoader'. Consider annotating your test class with @ContextConfiguration or @ContextHierarchy.
	at org.springframework.util.Assert.notNull(Assert.java:115)
	at org.springframework.test.context.cache.DefaultCacheAwareContextLoaderDelegate.loadContextInternal(DefaultCacheAwareContextLoaderDelegate.java:91)
	at org.springframework.test.context.cache.DefaultCacheAwareContextLoaderDelegate.loadContext(DefaultCacheAwareContextLoaderDelegate.java:116)
	... 25 more
[INFO] [2017-03-19 15:48:27][org.springframework.test.context.support.DefaultTestContextBootstrapper]Loaded default TestExecutionListener class names from location [META-INF/spring.factories]: [org.springframework.test.context.web.ServletTestExecutionListener, org.springframework.test.context.support.DirtiesContextBeforeModesTestExecutionListener, org.springframework.test.context.support.DependencyInjectionTestExecutionListener, org.springframework.test.context.support.DirtiesContextTestExecutionListener, org.springframework.test.context.transaction.TransactionalTestExecutionListener, org.springframework.test.context.jdbc.SqlScriptsTestExecutionListener]
[INFO] [2017-03-19 15:48:27][org.springframework.test.context.support.DefaultTestContextBootstrapper]Using TestExecutionListeners: [org.springframework.test.context.web.ServletTestExecutionListener@1efbd816, org.springframework.test.context.support.DirtiesContextBeforeModesTestExecutionListener@6a2bcfcb, org.springframework.test.context.support.DependencyInjectionTestExecutionListener@4de8b406, org.springframework.test.context.support.DirtiesContextTestExecutionListener@3c756e4d, org.springframework.test.context.transaction.TransactionalTestExecutionListener@7c0e2abd, org.springframework.test.context.jdbc.SqlScriptsTestExecutionListener@48eff760]
[INFO] [2017-03-19 15:48:27][org.springframework.beans.factory.xml.XmlBeanDefinitionReader]Loading XML bean definitions from class path resource [applicationContext.xml]
[INFO] [2017-03-19 15:48:27][org.springframework.context.support.GenericApplicationContext]Refreshing org.springframework.context.support.GenericApplicationContext@39c0f4a: startup date [Sun Mar 19 15:48:27 CST 2017]; root of context hierarchy
[INFO] [2017-03-19 15:48:27][org.springframework.beans.factory.config.PropertyPlaceholderConfigurer]Loading properties file from class path resource [jdbc.properties]
[INFO] [2017-03-19 15:48:28][cn.stu.edu.lin.test.TestMyBatis]{"age":24,"id":1,"password":"sfasgfaf","userName":"as"}
[INFO] [2017-03-19 15:48:28][org.springframework.context.support.GenericApplicationContext]Closing org.springframework.context.support.GenericApplicationContext@39c0f4a: startup date [Sun Mar 19 15:48:27 CST 2017]; root of context hierarchy
